{"zone": "rr", "confidence": 0.823, "fired": true, "rms": 0.0099, "crest": 9.38, "ts": 1784326915.538399}
{"zone": "rr", "confidence": 0.722, "fired": false, "rms": 0.01587, "crest": 10.77, "ts": 1784326915.825989}
{"zone": "lf", "confidence": 0.428, "fired": false, "rms": 0.01781, "crest": 10.78, "ts": 1784326916.1553762}
{"zone": "lf", "confidence": 0.585, "fired": false, "rms": 0.07794, "crest": 4.64, "ts": 1784326916.437187}
{"zone": "lf", "confidence": 0.948, "fired": false, "rms": 0.05967, "crest": 5.16, "ts": 1784326916.897325}
{"zone": "lf", "confidence": 0.566, "fired": false, "rms": 0.06845, "crest": 6.14, "ts": 1784326917.3597388}
{"zone": "lf", "confidence": 0.856, "fired": false, "rms": 0.0854, "crest": 5.51, "ts": 1784326917.845842}
{"zone": "rr", "confidence": 0.588, "fired": false, "rms": 0.08083, "crest": 5.34, "ts": 1784326918.108487}
{"zone": "lf", "confidence": 0.557, "fired": false, "rms": 0.04949, "crest": 4.73, "ts": 1784326918.3648791}
{"zone": "lf", "confidence": 0.909, "fired": false, "rms": 0.06681, "crest": 6.33, "ts": 1784326919.135853}
{"zone": "lf", "confidence": 0.643, "fired": false, "rms": 0.06739, "crest": 4.92, "ts": 1784326919.42484}
{"zone": "lf", "confidence": 0.923, "fired": false, "rms": 0.08642, "crest": 5.81, "ts": 1784326919.68681}
{"zone": "lf", "confidence": 0.651, "fired": false, "rms": 0.08537, "crest": 5.6, "ts": 1784326920.335383}
{"zone": "rr", "confidence": 0.766, "fired": true, "rms": 0.02489, "crest": 6.27, "ts": 1784326922.315843}
{"zone": "rr", "confidence": 0.77, "fired": true, "rms": 0.00815, "crest": 5.44, "ts": 1784326956.125356}
{"zone": "lr", "confidence": 0.641, "fired": false, "rms": 0.02192, "crest": 7.7, "ts": 1784327297.494543}
{"zone": "lf", "confidence": 0.945, "fired": true, "rms": 0.01585, "crest": 7.16, "ts": 1784327324.309161}
{"zone": "lf", "confidence": 0.619, "fired": false, "rms": 0.08509, "crest": 4.67, "ts": 1784327325.889677}
{"zone": "lf", "confidence": 0.926, "fired": true, "rms": 0.08638, "crest": 4.94, "ts": 1784327326.67813}
{"zone": "lf", "confidence": 0.785, "fired": true, "rms": 0.07311, "crest": 8.19, "ts": 1784327327.859256}
{"zone": "lf", "confidence": 0.6, "fired": false, "rms": 0.07449, "crest": 4.56, "ts": 1784327330.627541}
{"zone": "lf", "confidence": 0.708, "fired": false, "rms": 0.10543, "crest": 4.25, "ts": 1784327331.413249}
{"zone": "lf", "confidence": 0.946, "fired": true, "rms": 0.15773, "crest": 5.24, "ts": 1784327332.127409}
{"zone": "rr", "confidence": 0.938, "fired": true, "rms": 0.0299, "crest": 4.7, "ts": 1784327333.3861408}
{"zone": "lf", "confidence": 0.961, "fired": true, "rms": 0.07329, "crest": 4.42, "ts": 1784328926.5882812}
{"zone": "lf", "confidence": 0.809, "fired": true, "rms": 0.05186, "crest": 4.17, "ts": 1784328932.5922098}
{"zone": "lf", "confidence": 0.502, "fired": false, "rms": 0.08179, "crest": 10.12, "ts": 1784328936.622245}
{"zone": "lf", "confidence": 0.993, "fired": true, "rms": 0.0749, "crest": 4.63, "ts": 1784328937.456886}
{"zone": "lf", "confidence": 0.625, "fired": false, "rms": 0.01071, "crest": 5.93, "ts": 1784328950.132844}
{"zone": "rr", "confidence": 0.665, "fired": false, "rms": 0.01543, "crest": 6.16, "ts": 1784328952.462046}
{"zone": "lf", "confidence": 0.572, "fired": false, "rms": 0.01946, "crest": 8.7, "ts": 1784328952.7579882}
{"zone": "lf", "confidence": 0.842, "fired": true, "rms": 0.02651, "crest": 5.24, "ts": 1784328953.053752}
{"zone": "rr", "confidence": 0.688, "fired": false, "rms": 0.01268, "crest": 5.23, "ts": 1784328961.404116}
{"zone": "rr", "confidence": 0.588, "fired": false, "rms": 0.04218, "crest": 4.68, "ts": 1784328968.012148}
{"zone": "lf", "confidence": 0.913, "fired": true, "rms": 0.13306, "crest": 4.52, "ts": 1784328968.8752608}
{"zone": "lf", "confidence": 0.67, "fired": false, "rms": 0.11949, "crest": 4.01, "ts": 1784329002.666162}
{"zone": "rr", "confidence": 0.484, "fired": false, "rms": 0.09828, "crest": 4.86, "ts": 1784329004.0720482}
{"zone": "rr", "confidence": 0.549, "fired": false, "rms": 0.10998, "crest": 6.15, "ts": 1784329004.5740428}
{"zone": "lf", "confidence": 0.904, "fired": true, "rms": 0.05469, "crest": 7.26, "ts": 1784329005.3241248}
{"zone": "lf", "confidence": 0.72, "fired": false, "rms": 0.08924, "crest": 4.52, "ts": 1784329006.640905}
{"zone": "lf", "confidence": 0.937, "fired": true, "rms": 0.122, "crest": 5.84, "ts": 1784329007.549097}
{"zone": "rr", "confidence": 0.456, "fired": false, "rms": 0.0124, "crest": 6.32, "ts": 1784329020.929335}
{"zone": "lr", "confidence": 0.98, "fired": true, "rms": 0.04417, "crest": 5.9, "ts": 1784329022.6297731}
{"zone": "lr", "confidence": 0.738, "fired": false, "rms": 0.04598, "crest": 4.42, "ts": 1784329030.284054}
{"zone": "lf", "confidence": 0.966, "fired": true, "rms": 0.10976, "crest": 7.74, "ts": 1784329038.766111}
{"zone": "lr", "confidence": 0.991, "fired": true, "rms": 0.12989, "crest": 4.03, "ts": 1784329050.3244858}
{"zone": "rr", "confidence": 0.77, "fired": true, "rms": 0.01605, "crest": 10.03, "ts": 1784329111.846509}
{"zone": "rr", "confidence": 0.898, "fired": true, "rms": 0.02952, "crest": 4.02, "ts": 1784329114.266043}
{"zone": "lr", "confidence": 0.983, "fired": true, "rms": 0.03169, "crest": 4.03, "ts": 1784329124.017201}
{"zone": "rr", "confidence": 0.428, "fired": false, "rms": 0.09874, "crest": 4.45, "ts": 1784329138.164726}
{"zone": "rr", "confidence": 0.519, "fired": false, "rms": 0.07117, "crest": 4.53, "ts": 1784329141.4005902}
{"zone": "rr", "confidence": 0.479, "fired": false, "rms": 0.02885, "crest": 4.69, "ts": 1784329143.677452}
{"zone": "lr", "confidence": 0.93, "fired": true, "rms": 0.05343, "crest": 4.23, "ts": 1784329147.2687051}
{"zone": "lr", "confidence": 0.507, "fired": false, "rms": 0.18145, "crest": 6.25, "ts": 1784329168.8293939}
{"zone": "rr", "confidence": 0.971, "fired": true, "rms": 0.11757, "crest": 4.48, "ts": 1784329172.341493}
{"zone": "rf", "confidence": 0.804, "fired": true, "rms": 0.13241, "crest": 4.28, "ts": 1784364036.085889}
{"zone": "rf", "confidence": 0.615, "fired": false, "rms": 0.14023, "crest": 4.32, "ts": 1784364055.549964}
{"zone": "rr", "confidence": 0.54, "fired": false, "rms": 0.10057, "crest": 4.11, "ts": 1784364056.060309}
{"zone": "lf", "confidence": 0.442, "fired": false, "rms": 0.00965, "crest": 6.93, "ts": 1784364074.6088278}
{"zone": "lf", "confidence": 0.703, "fired": false, "rms": 0.0251, "crest": 4.5, "ts": 1784364074.8830569}
{"zone": "rr", "confidence": 0.463, "fired": false, "rms": 0.04169, "crest": 4.01, "ts": 1784364075.426795}
{"zone": "rr", "confidence": 0.973, "fired": true, "rms": 0.04389, "crest": 5.53, "ts": 1784364077.7991612}
{"zone": "lr", "confidence": 0.404, "fired": false, "rms": 0.01438, "crest": 4.07, "ts": 1784364238.4763992}
{"zone": "rf", "confidence": 0.515, "fired": false, "rms": 0.01571, "crest": 4.11, "ts": 1784365178.036499}
{"zone": "rf", "confidence": 0.743, "fired": true, "rms": 0.00976, "crest": 5.88, "ts": 1784365181.9079838}
{"zone": "rr", "confidence": 0.763, "fired": true, "rms": 0.01479, "crest": 4.08, "ts": 1784366614.9480479}
{"zone": "rr", "confidence": 0.535, "fired": false, "rms": 0.01113, "crest": 4.14, "ts": 1784366927.159195}
{"zone": "rr", "confidence": 0.589, "fired": false, "rms": 0.05282, "crest": 4.23, "ts": 1784367186.05503}
